<?xml version="1.0" encoding="UTF-8"?>
<!-- Generated by org.testng.reporters.JUnitXMLReporter -->
<testsuite hostname="CBR-LAP-LEN3051" name="GoogleAPITest" tests="2" failures="1" timestamp="9 May 2020 16:14:43 GMT" time="8.453" errors="0">
  <testcase name="validateResponseBody" time="2.017" classname="com.googelmaps.apiTest.GoogleDistanceMatrixAPITest">
    <skipped/>
  </testcase> <!-- validateResponseBody -->
  <testcase name="getResponsePlaceAPI" time="3.512" classname="com.googelmaps.apiTest.GooglePlaceAPIValidationTest">
    <failure type="java.lang.AssertionError" message="
Expected: &amp;quot;Central Park&amp;quot;
     but: was null">
      <![CDATA[java.lang.AssertionError: 
Expected: "Central Park"
     but: was null
	at org.hamcrest.MatcherAssert.assertThat(MatcherAssert.java:18)
	at org.hamcrest.MatcherAssert.assertThat(MatcherAssert.java:6)
	at com.googelmaps.apiTest.GooglePlaceAPIValidationTest.getResponsePlaceAPI(GooglePlaceAPIValidationTest.java:76)
... Removed 24 stack frames]]>
    </failure>
  </testcase> <!-- getResponsePlaceAPI -->
</testsuite> <!-- GoogleAPITest -->
