<?xml version="1.0" encoding="UTF-8"?>
<!-- Generated by org.testng.reporters.JUnitXMLReporter -->
<testsuite hostname="CBR-LAP-LEN3051" name="GoogleAPITest" tests="2" failures="0" timestamp="1 May 2020 08:14:56 GMT" time="6.018" errors="0">
  <testcase name="validateResponseBody" time="3.13" classname="com.googelmaps.apiTest.GetResponseDistanceMatrixAPITest"/>
  <testcase name="getResponsePlaceAPI" time="2.058" classname="com.googelmaps.apiTest.GooglePlaceAPIValidationTest"/>
</testsuite> <!-- GoogleAPITest -->
